2023-10-25 18:11:33,448  WARNING Out of Money
2023-10-25 18:11:53,032  ERROR Uder the 10000
2023-10-25 18:12:52,809  ERROR Uder the 10000
2023-10-25 18:13:07,525  ERROR Uder the 10000
2023-10-25 18:13:54,383  ERROR Uder the 10000
2023-10-25 18:14:08,628  ERROR Uder the 10000
2023-10-25 18:14:30,416  ERROR Uder the 10000
2023-10-25 18:17:03,440  ERROR Uder the 10000
2023-10-25 18:17:05,527  DEBUG Harmless debug Message
2023-10-25 18:17:05,528  INFO Just an information
2023-10-25 18:17:05,528  WARNING Its a Warning
2023-10-25 18:17:05,528  ERROR Did you try to divide by zero
2023-10-25 18:17:05,528  CRITICAL Internet is down
2023-10-25 18:17:37,557  ERROR Uder the 10000
2023-10-25 18:17:40,164  DEBUG Harmless debug Message
2023-10-25 18:17:40,165  INFO Just an information
2023-10-25 18:17:40,165  WARNING Its a Warning
2023-10-25 18:17:40,165  ERROR Did you try to divide by zero
2023-10-25 18:17:40,165  CRITICAL Internet is down
2023-10-25 18:33:28,747  ERROR Uder the 10000
2023-10-25 18:33:31,068  DEBUG Harmless debug Message
2023-10-25 18:33:31,068  INFO Just an information
2023-10-25 18:33:31,069  WARNING Its a Warning
2023-10-25 18:33:31,069  ERROR Did you try to divide by zero
2023-10-25 18:33:31,069  CRITICAL Internet is down
2023-10-25 18:33:45,952  ERROR Uder the 10000
2023-10-25 18:33:48,644  DEBUG Harmless debug Message
2023-10-25 18:33:48,644  INFO Just an information
2023-10-25 18:33:48,646  WARNING Its a Warning
2023-10-25 18:33:48,646  ERROR Did you try to divide by zero
2023-10-25 18:33:48,646  CRITICAL Internet is down
2023-10-27 17:42:43,588  ERROR Uder the 10000
2023-10-27 17:42:52,558  ERROR Uder the 10000
2023-10-27 17:42:52,560  ERROR msg
Traceback (most recent call last):
  File "c:\Users\KRUTARTH\OneDrive\Desktop\Krutarth_Study\Python\Gen_Gnr\Exception_Part2_25_10.py", line 75, in withdraw
    raise MinimumBalance()
MinimumBalance
2023-10-27 17:43:05,365  ERROR Uder the 10000
2023-10-27 17:43:05,366  ERROR msg
Traceback (most recent call last):
  File "c:\Users\KRUTARTH\OneDrive\Desktop\Krutarth_Study\Python\Gen_Gnr\Exception_Part2_25_10.py", line 75, in withdraw
    raise MinimumBalance()
MinimumBalance
2023-10-27 17:43:07,332  DEBUG Harmless debug Message
2023-10-27 17:43:07,332  INFO Just an information
2023-10-27 17:43:07,332  WARNING Its a Warning
2023-10-27 17:43:07,332  ERROR Did you try to divide by zero
2023-10-27 17:43:07,332  CRITICAL Internet is down
